Mono path[0] = 'D:/Games/RimWorld.v1.6.4535/RimWorld/RimWorldWin64_Data/Managed'
Mono config path = 'D:/Games/RimWorld.v1.6.4535/RimWorld/MonoBleedingEdge/etc'
[PhysX] Initialized MultithreadedTaskDispatcher with 16 workers.
Initialize engine version: 2022.3.35f1 (011206c7a712)
[Subsystems] Discovering subsystems at path D:/Games/RimWorld.v1.6.4535/RimWorld/RimWorldWin64_Data/UnitySubsystems
GfxDevice: creating device client; threaded=1; jobified=0
Direct3D:
    Version:  Direct3D 11.0 [level 11.1]
    Renderer: NVIDIA GeForce RTX 3070 (ID=0x2488)
    Vendor:   NVIDIA
    VRAM:     8018 MB
    Driver:   32.0.15.8129
Begin MonoManager ReloadAssembly
- Loaded All Assemblies, in  0.106 seconds
- Finished resetting the current domain, in  0.001 seconds
<RI> Initializing input.
<RI> Input initialized.
<RI> Initialized touch support.
[PhysX] Initialized MultithreadedTaskDispatcher with 16 workers.
UnloadTime: 0.669600 ms
RimWorld 1.6.4535 rev993
Mod TY Female Body and Apparel for B18: targetVersion field is obsolete, use supportedVersions instead.
Mod TY Female Body and Apparel for B18 is missing supported versions list in About.xml! (example: <supportedVersions><li>1.0</li></supportedVersions>)
Mod TY Female Body and Apparel for B18 is missing packageId in About.xml! (example: <packageId>AuthorName.ModName.Specific</packageId>)
Mod Bagi Faction 1.6 dependency (dvs.norandomrelations) needs to have <downloadUrl> and/or <steamWorkshopUrl> specified.
Mod Bagi Faction 1.6 dependency (VanillaExpanded.VGeneticsE) needs to have <downloadUrl> and/or <steamWorkshopUrl> specified.
Mod Bagi Faction 1.6 dependency (oskarpotocki.vanillafactionsexpanded.core) needs to have <downloadUrl> and/or <steamWorkshopUrl> specified.
Direct3D: detected that using refresh rate causes time drift. Will stop trusting refresh rate until the game window is moved.
Direct3D: detected that vsync is broken (it does not limit frame rate properly). Delta time will now be calculated using cpu-side time stampling until the game window is moved.
Fallback handler could not load library D:/Games/RimWorld.v1.6.4535/RimWorld/RimWorldWin64_Data/MonoBleedingEdge/data-000001DF7BDF2420.dll
Fallback handler could not load library D:/Games/RimWorld.v1.6.4535/RimWorld/RimWorldWin64_Data/MonoBleedingEdge/data-000001DFA9C793D0.dll
[HugsLib] version 12.0.0
[HugsLib] early-initializing AllowTool
PossessionAbility: Harmony patches applied
"WalkerGear.Building_EjectorBay" => Exosuit.Building_EjectorBay,
"WalkerGear.JobDriver_GetInEjector" => Exosuit.JobDriver_GetInEjector,
"WalkerGear.WalkerGear_Core" => Exosuit.Exosuit_Core,
"WalkerGear.PawnRenderNodeWorker_WeaponOnGantry" => Exosuit.PawnRenderNodeWorker_WeaponOnGantry,
"WalkerGear.CompProperties_BuildingExtraRenderer" => Exosuit.CompProperties_BuildingExtraRenderer,
"WalkerGear.CompApparelForcedWeapon" => Exosuit.CompApparelForcedWeapon,
"WalkerGear.CompProperties_WalkerComponent" => Exosuit.CompProperties_ExosuitModule,
"WalkerGear.CompProperties_ForceUseWeapon" => Exosuit.CompProperties_ForceUseWeapon,
"WalkerGear.CompProperties_LaunchExhaust" => Exosuit.CompProperties_LaunchExhaust,
"WalkerGear.CompProperties_ProjectileFleckEmitter" => Exosuit.CompProperties_ProjectileFleckEmitter,
"WalkerGear.CompProperties_MeleeSweep" => Exosuit.CompProperties_MeleeSweep,
"WalkerGear.Projectile_Parabola" => Exosuit.Projectile_Parabola,
"WalkerGear.ModExtForceApparelGen" => Exosuit.ModExtForceApparelGen,
"WalkerGear.ModExtension_NoIdeoApparel" => Exosuit.ModExtension_NoIdeoApparel,
"WalkerGear.ModExtWalkerCore" => Exosuit.ExosuitExt,
"WalkerGear.ApparelRenderOffsets" => Exosuit.ApparelRenderOffsets,
"WG_WalkerGearLayer_Core" => ExosuitLayer_Core,
"WG_WalkerGearLayer_Utility" => ExosuitLayer_Utility,
"WG_WalkerGearLayer" => ExosuitLayer_Attach
Parsed 0.1 as int.
Parsed 0.01 as int.
Parsed 1.5 as int.
Parsed 1.5 as int.
Parsed 0.5 as int.
Parsed 0.01 as int.
Tried to use an uninitialized DefOf of type ThingDefOf. DefOfs are initialized right after all defs all loaded. Uninitialized DefOfs will return only nulls. (hint: don't use DefOfs as default field values in Defs, try to resolve them in ResolveReferences() instead)
Parsed 6.545 as int.
Parsed 21.52 as int.
Parsed 24.52 as int.
[Rabbie The Moonrabbit - English Patch] Patch operation Verse.PatchOperationReplace(Defs/RulePackDef[defName="NamerPersonRabbie_PrefixSuffix"]/rulePack/rulesStrings/li[text()="pre1->오"]) failed
file: D:\Games\RimWorld.v1.6.4535\RimWorld\Mods\2556343786\1.6\Patches\RB_Names_patch.xml
[Rabbie The Moonrabbit - English Patch] Patch operation Verse.PatchOperationReplace(Defs/RulePackDef[defName="NamerPersonRabbie_PrefixSuffix"]/rulePack/rulesStrings/li[text()="pre2->자야"]) failed
file: D:\Games\RimWorld.v1.6.4535\RimWorld\Mods\2556343786\1.6\Patches\RB_Names_patch.xml
[Rabbie The Moonrabbit - English Patch] Patch operation Verse.PatchOperationReplace(Defs/RulePackDef[defName="NamerPersonRabbie_PrefixSuffix"]/rulePack/rulesStrings/li[text()="pre2->오네"]) failed
file: D:\Games\RimWorld.v1.6.4535\RimWorld\Mods\2556343786\1.6\Patches\RB_Names_patch.xml
[Rabbie The Moonrabbit - English Patch] Patch operation Verse.PatchOperationReplace(Defs/RulePackDef[defName="NamerPersonRabbie_PrefixSuffix"]/rulePack/rulesStrings/li[text()="pre2->루피"]) failed
file: D:\Games\RimWorld.v1.6.4535\RimWorld\Mods\2556343786\1.6\Patches\RB_Names_patch.xml
[Rabbie The Moonrabbit - English Patch] Patch operation Verse.PatchOperationReplace(Defs/RulePackDef[defName="NamerPersonRabbie_PrefixSuffix"]/rulePack/rulesStrings/li[text()="suf1->파"]) failed
file: D:\Games\RimWorld.v1.6.4535\RimWorld\Mods\2556343786\1.6\Patches\RB_Names_patch.xml
[Layered Atmosphere and Orbit] Patch operation Verse.PatchOperationSequence(count=7, lastFailedOperation=Verse.PatchOperationAdd(Defs/PawnsArrivalModeDef[defName="EmergeFromWater"]/layerBlacklist)) failed
file: D:\Games\RimWorld.v1.6.4535\RimWorld\Mods\3568552579\Patches\Vanilla.xml
Mod AntFrank.Btr.Hairs has multiple RimWorld.StyleItemDefs named AntFrank_Bocchi_Hair. Skipping.
Mod AntFrank.Btr.Hairs has multiple RimWorld.StyleItemDefs named AntFrank_Kita_Hair. Skipping.
Mod AntFrank.Btr.Hairs has multiple RimWorld.StyleItemDefs named AntFrank_Ryo_Hair. Skipping.
Mod AntFrank.Btr.Hairs has multiple RimWorld.StyleItemDefs named AntFrank_Kikuri_Hair. Skipping.
Mod AntFrank.Btr.Hairs has multiple RimWorld.StyleItemDefs named AntFrank_Seika_Hair. Skipping.
Mod AntFrank.Btr.Hairs has multiple RimWorld.StyleItemDefs named AntFrank_PAsan_Hair. Skipping.
Mod AntFrank.Btr.Hairs has multiple RimWorld.HairDefs named AntFrank_Bocchi_Hair. Skipping.
Mod AntFrank.Btr.Hairs has multiple RimWorld.HairDefs named AntFrank_Kita_Hair. Skipping.
Mod AntFrank.Btr.Hairs has multiple RimWorld.HairDefs named AntFrank_Ryo_Hair. Skipping.
Mod AntFrank.Btr.Hairs has multiple RimWorld.HairDefs named AntFrank_Kikuri_Hair. Skipping.
Mod AntFrank.Btr.Hairs has multiple RimWorld.HairDefs named AntFrank_Seika_Hair. Skipping.
Mod AntFrank.Btr.Hairs has multiple RimWorld.HairDefs named AntFrank_PAsan_Hair. Skipping.
Could not resolve cross-reference: No Verse.SoundDef named Pawn_Melee_Punch_HitBuilding found to give to Verse.RaceProperties Verse.RaceProperties (using undefined sound instead)
FactionDef Insect must have at least one pawnGroupMaker with kindDef 'Peaceful', or 'permanentEnemy', 'isPlayer' or 'hidden' should be set to true. Otherwise no guests from this faction will arrive. This is a misconfiguration in Core.
Translation data for language English has 155 errors. Generate translation report for more info.
[VehicleFramework] version 1.6.2091
Alien race successfully completed 279 patches (50 pre, 83 post, 146 trans) with harmony.
KCSG has Created 7264 symbolDefs for vanilla and DLCs
[GiverTheColonyHelper] Ver 3205
[Spaceports] Okay, showtime!
[Spaceports] Hospitality FOUND, attempting to patch...
[Spaceports] Attempting to postfix Verse.AI.Group.LordMaker.MakeNewLord...
[Spaceports] Attempting to postfix Verse.AI.Group.LordManager.ExposeData...
[Spaceports] Attempting to prefix Hospitality.IncidentWorker_VisitorGroup.TryExecuteWorker...
[Spaceports] Trader Ships not found, patches bypassed.
Unloading 5 Unused Serialized files (Serialized files now loaded: 8)
MVCF successfully applied 51 patches
[Requeen.HarmonyPatch] Patches on methods annotated as Obsolete were detected by HugsLib: Verse.Pawn_StanceTracker.StaggerFor
[836fe135b587fc7f.EliteGenusPathCostPatch] Patches on methods annotated as Obsolete were detected by HugsLib: Verse.Pawn_StanceTracker.StaggerFor
Unloading 272 unused Assets to reduce memory usage. Loaded Objects now: 56380.
Total: 510.276000 ms (FindLiveObjects: 3.915600 ms CreateObjectMapping: 7.076700 ms MarkObjects: 498.451100 ms  DeleteObjects: 0.832100 ms)

CharacterEditor v1.6.3 initializing...
updating labels for english...
loading pawn slot content from file...
character editor instance created
checking editor settings...
bodysizes genes are active
CharacterEditor v1.6.3 ...done
(Eccentric Projectiles v6.4.0.0) Bundled package detected from 1 mods:
Eccentric Tech - Foxy's Armory 2.0
[HugsLib] initializing DefensivePositions, StackXXL
[StackXXL] Loaded
CE is trying to create default parameter lists ...
creating default parameter list for genes...
673 default entities for genes created
creating default parameter list for objects...
3842 default entities for objects created
creating default parameter list for turrets...
35 default entities for turrets created
...lists created
CE is trying to apply modified parameters...
no modifications for genes
MeleeWeapon_PlasmaSwordBladelink modification loaded
MeleeWeapon_PlasmaSword modification loaded
Apparel_ArmorCataphractPrestige modification loaded
Gun_ChargeRifle modification loaded
MealFine modification loaded
MealFine_Veg modification loaded
Plasteel modification loaded
BlocksMarble modification loaded
Apparel_Gunlink modification loaded
Eccentric_Gun_E15CR modification loaded
VWE_Gun_ChargeSniperRifle modification loaded
VWE_Gun_ChargeSMG modification loaded
HAR_NM_Os_Pe modification loaded
VAE_Handwear_Gloves modification loaded
Apparel_RobeRoyal modification loaded
Apparel_PsyfocusRobe modification loaded
MeleeWeapon_MonoSword modification loaded
VWE_Gun_ChargePistol modification loaded
VAE_Apparel_TribalPoncho modification loaded
Apparel_TribalA modification loaded
YP_SeolHwa modification loaded
Apparel_CowboyHat modification loaded
VAE_Apparel_Hoodie modification loaded
VAE_Footwear_Boots modification loaded
Kijin_FlakVest modification loaded
VAE_Apparel_Tunic modification loaded
Silver modification loaded
no modifications for lifestages
...done
Direct3D: detected that using refresh rate causes time drift. Will stop trusting refresh rate until the game window is moved.
Direct3D: detected that vsync is broken (it does not limit frame rate properly). Delta time will now be calculated using cpu-side time stampling until the game window is moved.
Direct3D: detected that using refresh rate causes time drift. Will stop trusting refresh rate until the game window is moved.
Direct3D: detected that vsync is broken (it does not limit frame rate properly). Delta time will now be calculated using cpu-side time stampling until the game window is moved.
Could not get new name (first rule pack: NamerDeityChristian)
Unloading 2 Unused Serialized files (Serialized files now loaded: 8)
Unloading 1 unused Assets to reduce memory usage. Loaded Objects now: 58903.
Total: 396.927500 ms (FindLiveObjects: 3.392900 ms CreateObjectMapping: 3.327300 ms MarkObjects: 390.105900 ms  DeleteObjects: 0.100900 ms)

[HugsLib][ERR] HTTP/1.1 400 Bad Request
  at System.Environment.get_StackTrace () [0x00000] in <51fded79cd284d4d911c5949aff4cb21>:0 
  at HugsLib.Logs.LogPublisher.OnRequestError (System.String errorMessage) [0x00000] in <e92fb9c535b84355b807623efc376846>:0 
  at HugsLib.Logs.LogPublisher.<BeginUpload>b__32_0 (System.Exception ex) [0x00000] in <e92fb9c535b84355b807623efc376846>:0 
  at HugsLib.Utils.HugsLibUtility+<>c__DisplayClass22_0.<AwaitUnityWebResponse>b__0 () [0x00000] in <e92fb9c535b84355b807623efc376846>:0 
  at HugsLib.Utils.DoLaterScheduler.InvokeCallbacks (System.Collections.Generic.Queue`1[T] queue) [0x00000] in <e92fb9c535b84355b807623efc376846>:0 
  at HugsLib.Utils.DoLaterScheduler.OnUpdate () [0x00000] in <e92fb9c535b84355b807623efc376846>:0 
  at HugsLib.HugsLibController.OnUpdate () [0x00000] in <e92fb9c535b84355b807623efc376846>:0 
  at HugsLib.Patches.Root_Patch.UpdateHook () [0x00000] in <e92fb9c535b84355b807623efc376846>:0 
  at MonoMod.Utils.DynamicMethodDefinition.Verse.Root.Update_Patch1 (Verse.Root ) [0x00000] in <e53399289d9b419d83f9f5b02c5cf609>:0 
  at Verse.Root_Entry.Update () [0x00000] in <ed371ab4349b419183d9be3af652e6dc>:0 
[HugsLib][warn] Exception during log publishing (gist creation): System.Exception: HTTP/1.1 400 Bad Request
[Ref 3C64D576]
  at HugsLib.Utils.HugsLibUtility+<>c__DisplayClass22_0.<AwaitUnityWebResponse>b__0 () [0x000aa] in <e92fb9c535b84355b807623efc376846>:0 
[HugsLib][ERR] HTTP/1.1 400 Bad Request
  at System.Environment.get_StackTrace () [0x00000] in <51fded79cd284d4d911c5949aff4cb21>:0 
  at HugsLib.Logs.LogPublisher.OnRequestError (System.String errorMessage) [0x00000] in <e92fb9c535b84355b807623efc376846>:0 
  at HugsLib.Logs.LogPublisher.<BeginUpload>b__32_0 (System.Exception ex) [0x00000] in <e92fb9c535b84355b807623efc376846>:0 
  at HugsLib.Utils.HugsLibUtility+<>c__DisplayClass22_0.<AwaitUnityWebResponse>b__0 () [0x00000] in <e92fb9c535b84355b807623efc376846>:0 
  at HugsLib.Utils.DoLaterScheduler.InvokeCallbacks (System.Collections.Generic.Queue`1[T] queue) [0x00000] in <e92fb9c535b84355b807623efc376846>:0 
  at HugsLib.Utils.DoLaterScheduler.OnUpdate () [0x00000] in <e92fb9c535b84355b807623efc376846>:0 
  at HugsLib.HugsLibController.OnUpdate () [0x00000] in <e92fb9c535b84355b807623efc376846>:0 
  at HugsLib.Patches.Root_Patch.UpdateHook () [0x00000] in <e92fb9c535b84355b807623efc376846>:0 
  at MonoMod.Utils.DynamicMethodDefinition.Verse.Root.Update_Patch1 (Verse.Root ) [0x00000] in <e53399289d9b419d83f9f5b02c5cf609>:0 
  at Verse.Root_Entry.Update () [0x00000] in <ed371ab4349b419183d9be3af652e6dc>:0 
[HugsLib][warn] Exception during log publishing (gist creation): System.Exception: HTTP/1.1 400 Bad Request
[Ref 3C64D576] Duplicate stacktrace, see ref for original
                                                                                                                                                                                                                                                                                                                                                                                                                                                                                                                                                                                                                                                                                                                                                                                                                                                                                                                                                                                                                                                                                                                                                                                                                                                                                                                                                                                                                                                                                                                                                                                                                                                                                                                                                                                                                                                                                                                                                                                                                                                                                                                                                                                                                                                                                                                                                                                                                                                                                                                                                                                                                                                                                                                                                                                                                                                                                                                                                                                                                                                                                                                                                                                                                                                                                                                                                                                                                                                                                                                                                                                                                                                                                                                                                                                                                                                                                                                                                                                                                                                                                                                                                                                                                                                                                                                                                                                                                                                                                                                                                                                                                                                                                                                                                                                                                                                                                                                                                                                                                                                                                                                                                                                                                                                                                                                                                                                                                                                                                                                                                                                                                                                                                                                                                                                                                                                                                                                                                                                                                                                                                                                                                                                                                                                                                                                                                                                                                                                                                                                                                                                                                                                                                                                                                                                                                                                                                                                                                                                                                                                                                                                                                                                                                                                                                                                                                                                                                                                                                                                                                                                                                                                                                                                                                                                                                                                                                                                                                                                                                                                                                                                                                                                                                                                                                                                                                                                                                                                                                                                                                                                                                                                                                                                                                                                                                                                                                                                                                                                                                                                                                                                                                                                                                                                                                                                                                                                                                                                                                                                                                                                                                                                                                                                                                                                                                                                                                                                                                                                                                                                                                                                                                                                                                                                                                                                                                                                                                                                                                                                                                                                                                                                                                                                                                                                                                                                                                                                                                                                                                                                                                                                                                                                                                                                                                                                                                                                                                                                                                                                                                                                                                                                                                                                                                                                                                                                                                                                                                                                                                                                                                                                                                                                                                                                                                                                                                                                                                                                                                                                                                                                                                                                                                                                                                  Unloading 26 unused Assets to reduce memory usage. Loaded Objects now: 59419.
Total: 410.787200 ms (FindLiveObjects: 3.946700 ms CreateObjectMapping: 3.884000 ms MarkObjects: 402.797000 ms  DeleteObjects: 0.158900 ms)

Memory Statistics:
[ALLOC_TEMP_TLS] TLS Allocator
  StackAllocators : 
    [ALLOC_TEMP_MAIN]
      Peak usage frame count: [0-1.0 KB]: 454678 frames, [1.0 KB-2.0 KB]: 15 frames, [2.0 KB-4.0 KB]: 43260 frames, [4.0 KB-8.0 KB]: 185851 frames, [8.0 KB-16.0 KB]: 23 frames, [16.0 KB-32.0 KB]: 36 frames, [32.0 KB-64.0 KB]: 7 frames, [64.0 KB-128.0 KB]: 47 frames, [128.0 KB-256.0 KB]: 1 frames, [256.0 KB-0.5 MB]: 15 frames, [0.5 MB-1.0 MB]: 11 frames, [2.0 MB-4.0 MB]: 1 frames, [4.0 MB-8.0 MB]: 2 frames
      Initial Block Size 4.0 MB
      Current Block Size 8.0 MB
      Peak Allocated Bytes 8.0 MB
      Overflow Count 4
    [ALLOC_TEMP_Loading.AsyncRead]
      Initial Block Size 64.0 KB
      Current Block Size 120.0 KB
      Peak Allocated Bytes 116.5 KB
      Overflow Count 0
    [ALLOC_TEMP_Loading.PreloadManager]
      Initial Block Size 256.0 KB
      Current Block Size 256.0 KB
      Peak Allocated Bytes 3.5 KB
      Overflow Count 4
    [ALLOC_TEMP_Background Job.Worker 8]
      Initial Block Size 32.0 KB
      Current Block Size 32.0 KB
      Peak Allocated Bytes 54 B
      Overflow Count 0
    [ALLOC_TEMP_Job.Worker 6]
      Initial Block Size 256.0 KB
      Current Block Size 256.0 KB
      Peak Allocated Bytes 202 B
      Overflow Count 0
    [ALLOC_TEMP_Job.Worker 0]
      Initial Block Size 256.0 KB
      Current Block Size 256.0 KB
      Peak Allocated Bytes 202 B
      Overflow Count 0
    [ALLOC_TEMP_Background Job.Worker 10]
      Initial Block Size 32.0 KB
      Current Block Size 32.0 KB
      Peak Allocated Bytes 54 B
      Overflow Count 0
    [ALLOC_TEMP_Background Job.Worker 9]
      Initial Block Size 32.0 KB
      Current Block Size 32.0 KB
      Peak Allocated Bytes 54 B
      Overflow Count 0
    [ALLOC_TEMP_Job.Worker 5]
      Initial Block Size 256.0 KB
      Current Block Size 256.0 KB
      Peak Allocated Bytes 202 B
      Overflow Count 0
    [ALLOC_TEMP_Background Job.Worker 14]
      Initial Block Size 32.0 KB
      Current Block Size 32.0 KB
      Peak Allocated Bytes 54 B
      Overflow Count 0
    [ALLOC_TEMP_Background Job.Worker 6]
      Initial Block Size 32.0 KB
      Current Block Size 32.0 KB
      Peak Allocated Bytes 54 B
      Overflow Count 0
    [ALLOC_TEMP_Job.Worker 4]
      Initial Block Size 256.0 KB
      Current Block Size 256.0 KB
      Peak Allocated Bytes 160 B
      Overflow Count 0
    [ALLOC_TEMP_Job.Worker 14]
      Initial Block Size 256.0 KB
      Current Block Size 256.0 KB
      Peak Allocated Bytes 160 B
      Overflow Count 0
    [ALLOC_TEMP_Job.Worker 3]
      Initial Block Size 256.0 KB
      Current Block Size 256.0 KB
      Peak Allocated Bytes 202 B
      Overflow Count 0
    [ALLOC_TEMP_Job.Worker 13]
      Initial Block Size 256.0 KB
      Current Block Size 256.0 KB
      Peak Allocated Bytes 160 B
      Overflow Count 0
    [ALLOC_TEMP_Background Job.Worker 12]
      Initial Block Size 32.0 KB
      Current Block Size 32.0 KB
      Peak Allocated Bytes 54 B
      Overflow Count 0
    [ALLOC_TEMP_EnlightenWorker] x 8
      Initial Block Size 64.0 KB
      Current Block Size 64.0 KB
      Peak Allocated Bytes 54 B
      Overflow Count 0
    [ALLOC_TEMP_Background Job.Worker 15]
      Initial Block Size 32.0 KB
      Current Block Size 32.0 KB
      Peak Allocated Bytes 54 B
      Overflow Count 0
    [ALLOC_TEMP_Background Job.Worker 1]
      Initial Block Size 32.0 KB
      Current Block Size 32.0 KB
      Peak Allocated Bytes 54 B
      Overflow Count 0
    [ALLOC_TEMP_Background Job.Worker 2]
      Initial Block Size 32.0 KB
      Current Block Size 32.0 KB
      Peak Allocated Bytes 54 B
      Overflow Count 0
    [ALLOC_TEMP_Background Job.Worker 7]
      Initial Block Size 32.0 KB
      Current Block Size 32.0 KB
      Peak Allocated Bytes 54 B
      Overflow Count 0
    [ALLOC_TEMP_UnityGfxDeviceWorker]
      Initial Block Size 256.0 KB
      Current Block Size 256.0 KB
      Peak Allocated Bytes 9.3 KB
      Overflow Count 0
    [ALLOC_TEMP_AssetGarbageCollectorHelper] x 15
      Initial Block Size 64.0 KB
      Current Block Size 64.0 KB
      Peak Allocated Bytes 138 B
      Overflow Count 0
    [ALLOC_TEMP_Background Job.Worker 5]
      Initial Block Size 32.0 KB
      Current Block Size 32.0 KB
      Peak Allocated Bytes 54 B
      Overflow Count 0
    [ALLOC_TEMP_Job.Worker 9]
      Initial Block Size 256.0 KB
      Current Block Size 256.0 KB
      Peak Allocated Bytes 160 B
      Overflow Count 0
    [ALLOC_TEMP_Background Job.Worker 13]
      Initial Block Size 32.0 KB
      Current Block Size 32.0 KB
      Peak Allocated Bytes 54 B
      Overflow Count 0
    [ALLOC_TEMP_Job.Worker 8]
      Initial Block Size 256.0 KB
      Current Block Size 256.0 KB
      Peak Allocated Bytes 202 B
      Overflow Count 0
    [ALLOC_TEMP_Job.Worker 7]
      Initial Block Size 256.0 KB
      Current Block Size 256.0 KB
      Peak Allocated Bytes 160 B
      Overflow Count 0
    [ALLOC_TEMP_Background Job.Worker 11]
      Initial Block Size 32.0 KB
      Current Block Size 32.0 KB
      Peak Allocated Bytes 54 B
      Overflow Count 0
    [ALLOC_TEMP_Job.Worker 2]
      Initial Block Size 256.0 KB
      Current Block Size 256.0 KB
      Peak Allocated Bytes 480 B
      Overflow Count 0
    [ALLOC_TEMP_Background Job.Worker 3]
      Initial Block Size 32.0 KB
      Current Block Size 32.0 KB
      Peak Allocated Bytes 54 B
      Overflow Count 0
    [ALLOC_TEMP_Job.Worker 1]
      Initial Block Size 256.0 KB
      Current Block Size 256.0 KB
      Peak Allocated Bytes 507 B
      Overflow Count 0
    [ALLOC_TEMP_Job.Worker 10]
      Initial Block Size 256.0 KB
      Current Block Size 256.0 KB
      Peak Allocated Bytes 160 B
      Overflow Count 0
    [ALLOC_TEMP_Background Job.Worker 0]
      Initial Block Size 32.0 KB
      Current Block Size 32.0 KB
      Peak Allocated Bytes 54 B
      Overflow Count 0
    [ALLOC_TEMP_Job.Worker 11]
      Initial Block Size 256.0 KB
      Current Block Size 256.0 KB
      Peak Allocated Bytes 160 B
      Overflow Count 0
    [ALLOC_TEMP_Job.Worker 12]
      Initial Block Size 256.0 KB
      Current Block Size 256.0 KB
      Peak Allocated Bytes 160 B
      Overflow Count 0
    [ALLOC_TEMP_Background Job.Worker 4]
      Initial Block Size 32.0 KB
      Current Block Size 32.0 KB
      Peak Allocated Bytes 54 B
      Overflow Count 0
    [ALLOC_TEMP_BatchDeleteObjects]
      Initial Block Size 64.0 KB
      Current Block Size 64.0 KB
      Peak Allocated Bytes 54 B
      Overflow Count 0
[ALLOC_DEFAULT] Dual Thread Allocator
  Peak main deferred allocation count 44436
    [ALLOC_BUCKET]
      Large Block size 4.0 MB
      Used Block count 1
      Peak Allocated bytes 4.0 MB
      Failed Allocations. Bucket layout:
        16B: 4 Subsections = 4096 buckets. Failed count: 1011877
        32B: 34 Subsections = 17408 buckets. Failed count: 840865
        48B: 49 Subsections = 16725 buckets. Failed count: 560199
        64B: 39 Subsections = 9984 buckets. Failed count: 63402
        80B: 85 Subsections = 17408 buckets. Failed count: 753606
        96B: 29 Subsections = 4949 buckets. Failed count: 45152
        112B: 10 Subsections = 1462 buckets. Failed count: 136182
        128B: 6 Subsections = 768 buckets. Failed count: 249075
    [ALLOC_DEFAULT_MAIN]
      Peak usage frame count: [16.0 MB-32.0 MB]: 215520 frames, [32.0 MB-64.0 MB]: 1 frames, [0.50 GB-1.00 GB]: 468426 frames
      Requested Block Size 16.0 MB
      Peak Block count 36
      Peak Allocated memory 0.56 GB
      Peak Large allocation bytes 31.2 MB
    [ALLOC_DEFAULT_THREAD]
      Peak usage frame count: [8.0 MB-16.0 MB]: 465636 frames, [16.0 MB-32.0 MB]: 2 frames, [32.0 MB-64.0 MB]: 52 frames, [64.0 MB-128.0 MB]: 218257 frames
      Requested Block Size 16.0 MB
      Peak Block count 4
      Peak Allocated memory 81.3 MB
      Peak Large allocation bytes 33.8 MB
[ALLOC_TEMP_JOB_1_FRAME]
  Initial Block Size 2.0 MB
  Used Block Count 0
  Overflow Count (too large) 0
  Overflow Count (full) 0
[ALLOC_TEMP_JOB_2_FRAMES]
  Initial Block Size 2.0 MB
  Used Block Count 0
  Overflow Count (too large) 0
  Overflow Count (full) 0
[ALLOC_TEMP_JOB_4_FRAMES (JobTemp)]
  Initial Block Size 2.0 MB
  Used Block Count 1
  Overflow Count (too large) 0
  Overflow Count (full) 0
[ALLOC_TEMP_JOB_ASYNC (Background)]
  Initial Block Size 1.0 MB
  Used Block Count 1
  Overflow Count (too large) 0
  Overflow Count (full) 0
[ALLOC_GFX] Dual Thread Allocator
  Peak main deferred allocation count 32
    [ALLOC_BUCKET]
      Large Block size 4.0 MB
      Used Block count 1
      Peak Allocated bytes 4.0 MB
      Failed Allocations. Bucket layout:
        16B: 4 Subsections = 4096 buckets. Failed count: 1011877
        32B: 34 Subsections = 17408 buckets. Failed count: 840865
        48B: 49 Subsections = 16725 buckets. Failed count: 560199
        64B: 39 Subsections = 9984 buckets. Failed count: 63402
        80B: 85 Subsections = 17408 buckets. Failed count: 753606
        96B: 29 Subsections = 4949 buckets. Failed count: 45152
        112B: 10 Subsections = 1462 buckets. Failed count: 136182
        128B: 6 Subsections = 768 buckets. Failed count: 249075
    [ALLOC_GFX_MAIN]
      Peak usage frame count: [128.0 KB-256.0 KB]: 1 frames, [2.0 MB-4.0 MB]: 215520 frames, [4.0 MB-8.0 MB]: 254376 frames, [32.0 MB-64.0 MB]: 206539 frames, [64.0 MB-128.0 MB]: 7509 frames, [128.0 MB-256.0 MB]: 1 frames, [2.00 GB-4.00 GB]: 1 frames
      Requested Block Size 16.0 MB
      Peak Block count 23
      Peak Allocated memory 2.13 GB
      Peak Large allocation bytes 1.93 GB
    [ALLOC_GFX_THREAD]
      Peak usage frame count: [0-1.0 KB]: 219091 frames, [1.0 KB-2.0 KB]: 13057 frames, [2.0 KB-4.0 KB]: 17627 frames, [4.0 KB-8.0 KB]: 220111 frames, [8.0 KB-16.0 KB]: 13 frames, [32.0 KB-64.0 KB]: 28810 frames, [64.0 KB-128.0 KB]: 185238 frames
      Requested Block Size 16.0 MB
      Peak Block count 1
      Peak Allocated memory 72.9 KB
      Peak Large allocation bytes 0 B
[ALLOC_CACHEOBJECTS] Dual Thread Allocator
  Peak main deferred allocation count 274
    [ALLOC_BUCKET]
      Large Block size 4.0 MB
      Used Block count 1
      Peak Allocated bytes 4.0 MB
      Failed Allocations. Bucket layout:
        16B: 4 Subsections = 4096 buckets. Failed count: 1011877
        32B: 34 Subsections = 17408 buckets. Failed count: 840865
        48B: 49 Subsections = 16725 buckets. Failed count: 560199
        64B: 39 Subsections = 9984 buckets. Failed count: 63402
        80B: 85 Subsections = 17408 buckets. Failed count: 753606
        96B: 29 Subsections = 4949 buckets. Failed count: 45152
        112B: 10 Subsections = 1462 buckets. Failed count: 136182
        128B: 6 Subsections = 768 buckets. Failed count: 249075
    [ALLOC_CACHEOBJECTS_MAIN]
      Peak usage frame count: [4.0 MB-8.0 MB]: 1 frames, [8.0 MB-16.0 MB]: 215520 frames, [16.0 MB-32.0 MB]: 468426 frames
      Requested Block Size 4.0 MB
      Peak Block count 5
      Peak Allocated memory 18.0 MB
      Peak Large allocation bytes 0 B
    [ALLOC_CACHEOBJECTS_THREAD]
      Peak usage frame count: [4.0 KB-8.0 KB]: 215520 frames, [32.0 KB-64.0 KB]: 1 frames, [128.0 KB-256.0 KB]: 468425 frames, [0.5 MB-1.0 MB]: 1 frames
      Requested Block Size 4.0 MB
      Peak Block count 1
      Peak Allocated memory 0.8 MB
      Peak Large allocation bytes 0 B
[ALLOC_TYPETREE] Dual Thread Allocator
  Peak main deferred allocation count 0
    [ALLOC_BUCKET]
      Large Block size 4.0 MB
      Used Block count 1
      Peak Allocated bytes 4.0 MB
      Failed Allocations. Bucket layout:
        16B: 4 Subsections = 4096 buckets. Failed count: 1011877
        32B: 34 Subsections = 17408 buckets. Failed count: 840865
        48B: 49 Subsections = 16725 buckets. Failed count: 560199
        64B: 39 Subsections = 9984 buckets. Failed count: 63402
        80B: 85 Subsections = 17408 buckets. Failed count: 753606
        96B: 29 Subsections = 4949 buckets. Failed count: 45152
        112B: 10 Subsections = 1462 buckets. Failed count: 136182
        128B: 6 Subsections = 768 buckets. Failed count: 249075
    [ALLOC_TYPETREE_MAIN]
      Peak usage frame count: [4.0 KB-8.0 KB]: 1 frames, [8.0 KB-16.0 KB]: 215520 frames, [256.0 KB-0.5 MB]: 468426 frames
      Requested Block Size 2.0 MB
      Peak Block count 1
      Peak Allocated memory 370.5 KB
      Peak Large allocation bytes 0 B
    [ALLOC_TYPETREE_THREAD]
      Peak usage frame count: [0-1.0 KB]: 683947 frames
      Requested Block Size 2.0 MB
      Peak Block count 0
      Peak Allocated memory 0 B
      Peak Large allocation bytes 0 B
